<?xml version="1.0" encoding="UTF-8"?>
<!-- Generated by org.testng.reporters.JUnitXMLReporter -->
<testsuite hostname="DeviManikandan" name="AccountCreation" tests="8" failures="4" timestamp="28 Nov 2016 04:30:29 GMT" time="0.127" errors="0">
  <testcase name="LoginEbbs" time="0.011" classname="TestCase.AccountCreation">
    <failure type="java.lang.AssertionError" message="expected [Main1Page] but found [MainPage]">
      <![CDATA[java.lang.AssertionError: expected [Main1Page] but found [MainPage]
	at TestCase.AccountCreation.LoginEbbs(AccountCreation.java:16)
... Removed 31 stack frames]]>
    </failure>
  </testcase> <!-- LoginEbbs -->
  <testcase name="LoginEbbs" time="0.002" classname="TestCase.AccountCreation">
    <failure type="java.lang.AssertionError" message="expected [Main1Page] but found [MainPage]">
      <![CDATA[java.lang.AssertionError: expected [Main1Page] but found [MainPage]
	at TestCase.AccountCreation.LoginEbbs(AccountCreation.java:16)
... Removed 31 stack frames]]>
    </failure>
  </testcase> <!-- LoginEbbs -->
  <testcase name="CreateRel" time="0.001" classname="TestCase.AccountCreation"/>
  <testcase name="CreateRel" time="0.002" classname="TestCase.AccountCreation"/>
  <testcase name="CreateMast" time="0.001" classname="TestCase.AccountCreation">
    <failure type="java.lang.AssertionError" message="expected [A] but found [B]">
      <![CDATA[java.lang.AssertionError: expected [A] but found [B]
	at TestCase.AccountCreation.CreateMast(AccountCreation.java:34)
... Removed 31 stack frames]]>
    </failure>
  </testcase> <!-- CreateMast -->
  <testcase name="CreateMast" time="0.002" classname="TestCase.AccountCreation">
    <failure type="java.lang.AssertionError" message="expected [A] but found [B]">
      <![CDATA[java.lang.AssertionError: expected [A] but found [B]
	at TestCase.AccountCreation.CreateMast(AccountCreation.java:34)
... Removed 31 stack frames]]>
    </failure>
  </testcase> <!-- CreateMast -->
  <testcase name="CreateAcct" time="0.001" classname="TestCase.AccountCreation"/>
  <testcase name="CreateAcct" time="0.001" classname="TestCase.AccountCreation"/>
</testsuite> <!-- AccountCreation -->
